{
  "RSpec": {
    "coverage": {
      "/Users/DavesMac/Projects/bloc/blocmetrics/spec/controllers/api/events_controller_spec.rb": [
        1,
        null,
        1,
        null,
        null,
        null,
        null,
        null,
        null,
        null,
        null,
        null,
        null,
        null,
        null,
        null,
        null,
        null,
        null,
        null,
        null
      ],
      "/Users/DavesMac/Projects/bloc/blocmetrics/spec/rails_helper.rb": [
        null,
        1,
        1,
        null,
        1,
        1,
        1,
        null,
        1,
        null,
        null,
        null,
        null,
        null,
        null,
        null,
        null,
        null,
        null,
        null,
        null,
        null,
        null,
        null,
        null,
        null,
        1,
        null,
        1,
        1,
        null,
        1,
        null,
        null,
        null,
        null,
        1,
        null,
        null,
        null,
        null,
        null,
        null,
        null,
        null,
        null,
        null,
        null,
        null,
        null,
        null,
        1,
        null,
        null,
        1,
        null,
        null,
        null
      ],
      "/Users/DavesMac/Projects/bloc/blocmetrics/config/environment.rb": [
        null,
        1,
        null,
        null,
        1
      ],
      "/Users/DavesMac/Projects/bloc/blocmetrics/config/application.rb": [
        1,
        null,
        1,
        null,
        1,
        1,
        1,
        1,
        1,
        1,
        1,
        null,
        null,
        null,
        null,
        1,
        null,
        1,
        1,
        null,
        null,
        null,
        null,
        null,
        null,
        null,
        null,
        null,
        null,
        null,
        null,
        null,
        1,
        null,
        1,
        1,
        null,
        2,
        1,
        null,
        null,
        null
      ],
      "/Users/DavesMac/Projects/bloc/blocmetrics/config/boot.rb": [
        1,
        null,
        1
      ],
      "/Users/DavesMac/Projects/bloc/blocmetrics/config/environments/test.rb": [
        1,
        null,
        null,
        null,
        null,
        null,
        null,
        1,
        null,
        null,
        null,
        null,
        1,
        null,
        null,
        1,
        1,
        null,
        null,
        1,
        1,
        null,
        null,
        1,
        null,
        null,
        1,
        null,
        null,
        null,
        null,
        1,
        null,
        null,
        1,
        null,
        null,
        1,
        null,
        null,
        null,
        null,
        1,
        null
      ],
      "/Users/DavesMac/Projects/bloc/blocmetrics/config/initializers/assets.rb": [
        null,
        null,
        null,
        1,
        null,
        null,
        null,
        null,
        null,
        null,
        null
      ],
      "/Users/DavesMac/Projects/bloc/blocmetrics/config/initializers/backtrace_silencers.rb": [
        null,
        null,
        null,
        null,
        null,
        null,
        null
      ],
      "/Users/DavesMac/Projects/bloc/blocmetrics/config/initializers/cookies_serializer.rb": [
        null,
        null,
        1
      ],
      "/Users/DavesMac/Projects/bloc/blocmetrics/config/initializers/devise.rb": [
        null,
        null,
        1,
        null,
        null,
        null,
        null,
        null,
        null,
        null,
        null,
        null,
        null,
        null,
        1,
        null,
        null,
        null,
        null,
        null,
        null,
        null,
        null,
        null,
        null,
        null,
        1,
        null,
        null,
        null,
        null,
        null,
        null,
        null,
        null,
        null,
        null,
        null,
        null,
        null,
        null,
        null,
        null,
        null,
        null,
        null,
        null,
        null,
        1,
        null,
        null,
        null,
        null,
        1,
        null,
        null,
        null,
        null,
        null,
        null,
        null,
        null,
        null,
        null,
        null,
        null,
        null,
        null,
        null,
        null,
        null,
        null,
        null,
        null,
        null,
        null,
        null,
        null,
        null,
        null,
        null,
        null,
        null,
        null,
        1,
        null,
        null,
        null,
        null,
        null,
        null,
        null,
        null,
        null,
        null,
        null,
        null,
        null,
        null,
        null,
        null,
        1,
        null,
        null,
        null,
        null,
        null,
        null,
        null,
        null,
        null,
        null,
        null,
        null,
        null,
        null,
        null,
        null,
        null,
        null,
        null,
        null,
        null,
        null,
        null,
        null,
        null,
        null,
        null,
        1,
        null,
        null,
        null,
        null,
        null,
        null,
        null,
        null,
        null,
        1,
        null,
        null,
        null,
        null,
        null,
        null,
        null,
        null,
        null,
        null,
        1,
        null,
        null,
        null,
        null,
        1,
        null,
        null,
        null,
        null,
        null,
        null,
        null,
        null,
        null,
        null,
        null,
        null,
        null,
        null,
        null,
        null,
        null,
        null,
        null,
        null,
        null,
        null,
        null,
        null,
        null,
        null,
        null,
        null,
        null,
        null,
        null,
        null,
        null,
        null,
        null,
        null,
        null,
        null,
        null,
        null,
        1,
        null,
        null,
        null,
        null,
        null,
        null,
        null,
        null,
        null,
        null,
        null,
        null,
        null,
        null,
        null,
        null,
        null,
        null,
        null,
        null,
        null,
        null,
        null,
        null,
        null,
        null,
        null,
        null,
        null,
        null,
        null,
        null,
        null,
        null,
        null,
        null,
        null,
        null,
        null,
        null,
        null,
        1,
        null,
        null,
        null,
        null,
        null,
        null,
        null,
        null,
        null,
        null,
        null,
        null,
        null,
        null,
        null,
        null,
        null,
        null,
        null,
        null,
        null,
        null,
        null,
        null,
        null,
        null,
        null,
        null,
        null
      ],
      "/Users/DavesMac/Projects/bloc/blocmetrics/config/initializers/filter_parameter_logging.rb": [
        null,
        null,
        null,
        1
      ],
      "/Users/DavesMac/Projects/bloc/blocmetrics/config/initializers/inflections.rb": [
        null,
        null,
        null,
        null,
        null,
        null,
        null,
        null,
        null,
        null,
        null,
        null,
        null,
        null,
        1,
        1,
        null
      ],
      "/Users/DavesMac/Projects/bloc/blocmetrics/config/initializers/mime_types.rb": [
        null,
        null,
        null,
        null
      ],
      "/Users/DavesMac/Projects/bloc/blocmetrics/config/initializers/session_store.rb": [
        null,
        null,
        1
      ],
      "/Users/DavesMac/Projects/bloc/blocmetrics/config/initializers/wrap_parameters.rb": [
        null,
        null,
        null,
        null,
        null,
        null,
        1,
        1,
        null,
        null,
        null,
        null,
        null,
        null
      ],
      "/Users/DavesMac/Projects/bloc/blocmetrics/spec/factories/events.rb": [
        1,
        1,
        1,
        1,
        null,
        null
      ],
      "/Users/DavesMac/Projects/bloc/blocmetrics/spec/factories/registered_applications.rb": [
        1,
        1,
        null,
        1,
        12,
        1,
        1,
        null,
        null
      ],
      "/Users/DavesMac/Projects/bloc/blocmetrics/spec/factories/users.rb": [
        1,
        1,
        1,
        null,
        1,
        21,
        21,
        1,
        1,
        null,
        null
      ],
      "/Users/DavesMac/Projects/bloc/blocmetrics/config/routes.rb": [
        1,
        1,
        1,
        null,
        1,
        1,
        null,
        1,
        1,
        null,
        null,
        null,
        null,
        null,
        1,
        null
      ],
      "/Users/DavesMac/Projects/bloc/blocmetrics/app/models/user.rb": [
        1,
        1,
        null,
        null,
        1,
        null,
        null,
        1,
        null
      ],
      "/Users/DavesMac/Projects/bloc/blocmetrics/app/helpers/application_helper.rb": [
        1,
        1,
        0,
        null,
        null
      ],
      "/Users/DavesMac/Projects/bloc/blocmetrics/app/helpers/registered_applications_helper.rb": [
        1,
        1,
        15,
        15,
        15,
        null,
        null
      ],
      "/Users/DavesMac/Projects/bloc/blocmetrics/app/helpers/welcome_helper.rb": [
        1,
        null
      ],
      "/Users/DavesMac/Projects/bloc/blocmetrics/app/controllers/api/events_controller.rb": [
        1,
        1,
        1,
        null,
        null,
        1,
        null,
        0,
        null,
        null,
        0,
        null,
        null,
        null,
        0,
        null,
        null,
        1,
        0,
        null,
        0,
        0,
        0,
        null,
        0,
        null,
        0,
        null,
        null,
        null,
        null,
        1,
        0,
        null,
        null,
        1,
        null,
        1,
        0,
        null,
        null
      ],
      "/Users/DavesMac/Projects/bloc/blocmetrics/app/controllers/application_controller.rb": [
        1,
        null,
        null,
        1,
        1,
        null,
        1,
        null,
        1,
        45,
        45,
        null,
        null
      ],
      "/Users/DavesMac/Projects/bloc/blocmetrics/spec/controllers/registered_applications_controller_spec.rb": [
        1,
        null,
        1,
        20,
        12,
        null,
        1,
        19,
        null,
        null,
        1,
        1,
        1,
        1,
        null,
        null,
        1,
        1,
        1,
        null,
        null,
        1,
        1,
        1,
        1,
        null,
        null,
        null,
        1,
        1,
        1,
        1,
        null,
        null,
        1,
        1,
        1,
        null,
        null,
        1,
        1,
        1,
        null,
        null,
        null,
        1,
        1,
        1,
        1,
        null,
        null,
        1,
        1,
        1,
        null,
        null,
        1,
        1,
        1,
        null,
        null,
        null,
        1,
        1,
        1,
        1,
        null,
        null,
        null,
        1,
        1,
        1,
        null,
        null,
        1,
        1,
        1,
        null,
        null,
        null,
        1,
        1,
        1,
        1,
        null,
        null,
        1,
        1,
        1,
        null,
        null,
        1,
        1,
        1,
        null,
        null,
        null,
        1,
        1,
        1,
        1,
        null,
        1,
        1,
        null,
        1,
        1,
        1,
        null,
        null,
        1,
        1,
        1,
        null,
        null,
        null,
        1,
        1,
        1,
        1,
        null,
        null,
        1,
        1,
        1,
        null,
        null,
        null
      ],
      "/Users/DavesMac/Projects/bloc/blocmetrics/app/controllers/registered_applications_controller.rb": [
        1,
        1,
        null,
        1,
        18,
        18,
        18,
        null,
        null,
        1,
        16,
        16,
        null,
        null,
        1,
        13,
        null,
        null,
        1,
        15,
        15,
        null,
        15,
        13,
        13,
        null,
        2,
        2,
        null,
        null,
        null,
        1,
        5,
        null,
        null,
        1,
        6,
        6,
        null,
        6,
        4,
        4,
        null,
        2,
        2,
        null,
        null,
        null,
        1,
        5,
        null,
        5,
        5,
        5,
        null,
        0,
        0,
        null,
        null,
        null,
        1,
        null,
        1,
        21,
        null,
        null
      ],
      "/Users/DavesMac/Projects/bloc/blocmetrics/spec/controllers/welcome_controller_spec.rb": [
        1,
        null,
        1,
        1,
        1,
        1,
        1,
        null,
        null,
        null
      ],
      "/Users/DavesMac/Projects/bloc/blocmetrics/app/controllers/welcome_controller.rb": [
        1,
        1,
        null,
        null
      ],
      "/Users/DavesMac/Projects/bloc/blocmetrics/spec/features/app_registration_spec.rb": [
        1,
        null,
        1,
        9,
        9,
        9,
        9,
        9,
        null,
        1,
        8,
        null,
        null,
        1,
        1,
        1,
        1,
        1,
        1,
        1,
        1,
        1,
        1,
        1,
        1,
        1,
        1,
        1,
        1,
        null,
        null,
        1,
        1,
        1,
        1,
        1,
        1,
        1,
        1,
        1,
        null,
        null,
        1,
        1,
        1,
        1,
        1,
        1,
        1,
        1,
        null,
        null,
        1,
        1,
        1,
        1,
        1,
        1,
        1,
        1,
        1,
        null,
        null,
        1,
        1,
        1,
        1,
        1,
        1,
        1,
        1,
        1,
        1,
        1,
        1,
        1,
        null,
        null,
        1,
        1,
        1,
        1,
        1,
        1,
        1,
        1,
        1,
        1,
        1,
        1,
        1,
        1,
        null,
        null,
        1,
        1,
        1,
        1,
        1,
        1,
        1,
        1,
        1,
        null,
        null,
        1,
        1,
        1,
        1,
        1,
        1,
        1,
        1,
        null,
        null,
        1,
        null,
        1,
        8,
        8,
        8,
        8,
        8,
        null,
        null,
        1,
        9,
        9,
        9,
        9,
        null,
        null
      ],
      "/Users/DavesMac/Projects/bloc/blocmetrics/spec/features/authentication_spec.rb": [
        1,
        null,
        1,
        12,
        12,
        12,
        null,
        1,
        11,
        11,
        null,
        null,
        1,
        1,
        1,
        1,
        1,
        1,
        1,
        1,
        null,
        null,
        1,
        1,
        1,
        1,
        1,
        1,
        1,
        1,
        null,
        null,
        1,
        1,
        1,
        1,
        1,
        1,
        1,
        1,
        1,
        1,
        null,
        null,
        1,
        1,
        1,
        1,
        1,
        1,
        1,
        1,
        1,
        null,
        null,
        1,
        1,
        1,
        1,
        1,
        1,
        1,
        1,
        1,
        null,
        null,
        1,
        1,
        1,
        1,
        1,
        1,
        1,
        1,
        1,
        null,
        null,
        1,
        1,
        1,
        1,
        1,
        1,
        1,
        1,
        1,
        null,
        null,
        1,
        1,
        1,
        1,
        1,
        1,
        1,
        1,
        1,
        null,
        null,
        1,
        1,
        1,
        1,
        1,
        1,
        1,
        1,
        1,
        1,
        1,
        1,
        1,
        1,
        1,
        1,
        null,
        null,
        1,
        1,
        1,
        1,
        1,
        1,
        1,
        1,
        1,
        1,
        1,
        1,
        1,
        1,
        1,
        null,
        null,
        1,
        1,
        1,
        1,
        1,
        1,
        1,
        null,
        null
      ],
      "/Users/DavesMac/Projects/bloc/blocmetrics/spec/helpers/registered_applications_helper_spec.rb": [
        1,
        null,
        null,
        null,
        null,
        null,
        null,
        null,
        null,
        null,
        null,
        null,
        1,
        null,
        null
      ],
      "/Users/DavesMac/Projects/bloc/blocmetrics/spec/helpers/welcome_helper_spec.rb": [
        1,
        null,
        null,
        null,
        null,
        null,
        null,
        null,
        null,
        null,
        null,
        null,
        1,
        null,
        null
      ],
      "/Users/DavesMac/Projects/bloc/blocmetrics/spec/models/event_spec.rb": [
        1,
        null,
        1,
        null,
        null,
        2,
        null
      ],
      "/Users/DavesMac/Projects/bloc/blocmetrics/app/models/event.rb": [
        1,
        1,
        null
      ],
      "/Users/DavesMac/Projects/bloc/blocmetrics/spec/models/registered_application_spec.rb": [
        1,
        null,
        1,
        2,
        2,
        2,
        2,
        null,
        null,
        2,
        2,
        null,
        null,
        2,
        2,
        2,
        2,
        null,
        null,
        2,
        2,
        null,
        null,
        2,
        null,
        1,
        1,
        1,
        null,
        null,
        null
      ],
      "/Users/DavesMac/Projects/bloc/blocmetrics/app/models/registered_application.rb": [
        1,
        1,
        1,
        null,
        1,
        1,
        1,
        null
      ],
      "/Users/DavesMac/Projects/bloc/blocmetrics/spec/models/user_spec.rb": [
        1,
        null,
        1,
        2,
        2,
        2,
        2,
        null,
        null,
        2,
        null,
        null,
        2,
        2,
        2,
        2,
        null,
        null,
        2,
        2,
        2,
        2,
        null,
        null,
        2,
        2,
        null,
        1,
        1,
        1,
        null,
        null,
        null
      ]
    },
    "timestamp": 1516207011
  }
}
